#-----------------------------------------------------------
# Vivado v2018.2 (64-bit)
# SW Build 2258646 on Thu Jun 14 20:03:12 MDT 2018
# IP Build 2256618 on Thu Jun 14 22:10:49 MDT 2018
# Start of session at: Thu Oct 20 21:18:45 2022
# Process ID: 25748
# Current directory: D:/7sem/Lab2_dop_Decoder
# Command line: vivado.exe -gui_launcher_event rodinguilauncherevent12520 D:\7sem\Lab2_dop_Decoder\Lab2_dop_Decoder.xpr
# Log file: D:/7sem/Lab2_dop_Decoder/vivado.log
# Journal file: D:/7sem/Lab2_dop_Decoder\vivado.jou
#-----------------------------------------------------------
start_gui
open_project D:/7sem/Lab2_dop_Decoder/Lab2_dop_Decoder.xpr
INFO: [Project 1-313] Project file moved from 'D:/7sem/ïîöï/Lab2_dop_Decoder' since last save.
Scanning sources...
Finished scanning sources
INFO: [IP_Flow 19-234] Refreshing IP repositories
INFO: [IP_Flow 19-1704] No user IP repositories specified
INFO: [IP_Flow 19-2313] Loaded Vivado IP repository 'D:/vivado/Vivado/2018.2/data/ip'.
open_project: Time (s): cpu = 00:00:11 ; elapsed = 00:00:06 . Memory (MB): peak = 889.199 ; gain = 137.281
update_compile_order -fileset sources_1
reset_run synth_1
launch_runs synth_1 -jobs 8
[Thu Oct 20 21:19:14 2022] Launched synth_1...
Run output will be captured here: D:/7sem/Lab2_dop_Decoder/Lab2_dop_Decoder.runs/synth_1/runme.log
open_run synth_1 -name synth_1
Design is defaulting to impl run constrset: constrs_1
Design is defaulting to synth run part: xc7a100tcsg324-1
INFO: [Netlist 29-17] Analyzing 4 Unisim elements for replacement
INFO: [Netlist 29-28] Unisim Transformation completed in 0 CPU seconds
INFO: [Project 1-479] Netlist was created with Vivado 2018.2
INFO: [Device 21-403] Loading part xc7a100tcsg324-1
INFO: [Project 1-570] Preparing netlist for logic optimization
Parsing XDC File [D:/7sem/Lab2_dop_Decoder/Lab2_dop_Decoder.srcs/constrs_1/new/impl.xdc]
Finished Parsing XDC File [D:/7sem/Lab2_dop_Decoder/Lab2_dop_Decoder.srcs/constrs_1/new/impl.xdc]
INFO: [Opt 31-138] Pushed 0 inverter(s) to 0 load pin(s).
INFO: [Project 1-111] Unisim Transformation Summary:
No Unisim elements were transformed.

open_run: Time (s): cpu = 00:00:17 ; elapsed = 00:00:10 . Memory (MB): peak = 1361.547 ; gain = 455.766
exit
INFO: [Common 17-206] Exiting Vivado at Thu Oct 20 21:20:55 2022...
