#-----------------------------------------------------------
# Vivado v2018.2 (64-bit)
# SW Build 2258646 on Thu Jun 14 20:03:12 MDT 2018
# IP Build 2256618 on Thu Jun 14 22:10:49 MDT 2018
# Start of session at: Thu Oct 20 15:50:52 2022
# Process ID: 23212
# Current directory: D:/7sem/поцп/lab2
# Command line: vivado.exe -gui_launcher_event rodinguilauncherevent21988 D:\7sem\поцп\lab2\lab2.xpr
# Log file: D:/7sem/поцп/lab2/vivado.log
# Journal file: D:/7sem/поцп/lab2\vivado.jou
#-----------------------------------------------------------
start_gui
open_project D:/7sem/поцп/lab2/lab2.xpr
CRITICAL WARNING: [Project 1-19] Could not find the file 'D:/7sem/поцп/lab2/lab2.srcs/sources_1/new/GenericAdder.vhd'.
CRITICAL WARNING: [Project 1-19] Could not find the file 'D:/7sem/поцп/lab2/lab2.srcs/sources_1/new/Decoder.vhd'.
Scanning sources...
Finished scanning sources
INFO: [IP_Flow 19-234] Refreshing IP repositories
INFO: [IP_Flow 19-1704] No user IP repositories specified
INFO: [IP_Flow 19-2313] Loaded Vivado IP repository 'D:/vivado/Vivado/2018.2/data/ip'.
open_project: Time (s): cpu = 00:00:10 ; elapsed = 00:00:06 . Memory (MB): peak = 892.176 ; gain = 153.152
update_compile_order -fileset sources_1
set_property top task4_adder_beh [current_fileset]
reset_run synth_1
update_compile_order -fileset sources_1
launch_runs synth_1 -jobs 8
[Thu Oct 20 15:52:30 2022] Launched synth_1...
Run output will be captured here: D:/7sem/поцп/lab2/lab2.runs/synth_1/runme.log
set_property top task4_adder_beh [get_filesets sim_1]
set_property top_lib xil_defaultlib [get_filesets sim_1]
reset_run synth_1
launch_runs synth_1 -jobs 8
[Thu Oct 20 15:53:28 2022] Launched synth_1...
Run output will be captured here: D:/7sem/поцп/lab2/lab2.runs/synth_1/runme.log
set_property top task4_adder_struct [current_fileset]
update_compile_order -fileset sources_1
reset_run synth_1
launch_runs synth_1 -jobs 8
[Thu Oct 20 15:54:09 2022] Launched synth_1...
Run output will be captured here: D:/7sem/поцп/lab2/lab2.runs/synth_1/runme.log
close_project
exit
INFO: [Common 17-206] Exiting Vivado at Thu Oct 20 15:55:21 2022...
