#-----------------------------------------------------------
# Vivado v2018.2 (64-bit)
# SW Build 2258646 on Thu Jun 14 20:03:12 MDT 2018
# IP Build 2256618 on Thu Jun 14 22:10:49 MDT 2018
# Start of session at: Thu Oct 20 15:55:27 2022
# Process ID: 12488
# Current directory: D:/7sem/lab2
# Command line: vivado.exe -gui_launcher_event rodinguilauncherevent18444 D:\7sem\lab2\lab2.xpr
# Log file: D:/7sem/lab2/vivado.log
# Journal file: D:/7sem/lab2\vivado.jou
#-----------------------------------------------------------
start_gui
open_project D:/7sem/lab2/lab2.xpr
INFO: [Project 1-313] Project file moved from 'D:/7sem/ïîöï/lab2' since last save.
CRITICAL WARNING: [Project 1-311] Could not find the file 'D:/7sem/lab2/lab2.srcs/sources_1/new/GenericAdder.vhd', nor could it be found using path 'D:/7sem/ïîöï/lab2/lab2.srcs/sources_1/new/GenericAdder.vhd'.
CRITICAL WARNING: [Project 1-311] Could not find the file 'D:/7sem/lab2/lab2.srcs/sources_1/new/Decoder.vhd', nor could it be found using path 'D:/7sem/ïîöï/lab2/lab2.srcs/sources_1/new/Decoder.vhd'.
Scanning sources...
Finished scanning sources
INFO: [IP_Flow 19-234] Refreshing IP repositories
INFO: [IP_Flow 19-1704] No user IP repositories specified
INFO: [IP_Flow 19-2313] Loaded Vivado IP repository 'D:/vivado/Vivado/2018.2/data/ip'.
open_project: Time (s): cpu = 00:00:10 ; elapsed = 00:00:06 . Memory (MB): peak = 822.426 ; gain = 152.496
update_compile_order -fileset sources_1
reset_run synth_1
launch_runs synth_1 -jobs 8
[Thu Oct 20 15:55:57 2022] Launched synth_1...
Run output will be captured here: D:/7sem/lab2/lab2.runs/synth_1/runme.log
open_run synth_1 -name synth_1
Design is defaulting to impl run constrset: constrs_1
Design is defaulting to synth run part: xc7a100tcsg324-1
INFO: [Netlist 29-17] Analyzing 4 Unisim elements for replacement
INFO: [Netlist 29-28] Unisim Transformation completed in 0 CPU seconds
INFO: [Project 1-479] Netlist was created with Vivado 2018.2
INFO: [Device 21-403] Loading part xc7a100tcsg324-1
INFO: [Project 1-570] Preparing netlist for logic optimization
Parsing XDC File [D:/7sem/lab2/lab2.srcs/constrs_1/new/bitstr.xdc]
WARNING: [Vivado 12-584] No ports matched 'A[0]'. [D:/7sem/lab2/lab2.srcs/constrs_1/new/bitstr.xdc:1]
CRITICAL WARNING: [Common 17-55] 'set_property' expects at least one object. [D:/7sem/lab2/lab2.srcs/constrs_1/new/bitstr.xdc:1]
Resolution: If [get_<value>] was used to populate the object, check to make sure this command returns at least one valid object.
WARNING: [Vivado 12-584] No ports matched 'A[1]'. [D:/7sem/lab2/lab2.srcs/constrs_1/new/bitstr.xdc:2]
CRITICAL WARNING: [Common 17-55] 'set_property' expects at least one object. [D:/7sem/lab2/lab2.srcs/constrs_1/new/bitstr.xdc:2]
Resolution: If [get_<value>] was used to populate the object, check to make sure this command returns at least one valid object.
WARNING: [Vivado 12-584] No ports matched 'A[2]'. [D:/7sem/lab2/lab2.srcs/constrs_1/new/bitstr.xdc:3]
CRITICAL WARNING: [Common 17-55] 'set_property' expects at least one object. [D:/7sem/lab2/lab2.srcs/constrs_1/new/bitstr.xdc:3]
Resolution: If [get_<value>] was used to populate the object, check to make sure this command returns at least one valid object.
WARNING: [Vivado 12-584] No ports matched 'A[3]'. [D:/7sem/lab2/lab2.srcs/constrs_1/new/bitstr.xdc:4]
CRITICAL WARNING: [Common 17-55] 'set_property' expects at least one object. [D:/7sem/lab2/lab2.srcs/constrs_1/new/bitstr.xdc:4]
Resolution: If [get_<value>] was used to populate the object, check to make sure this command returns at least one valid object.
WARNING: [Vivado 12-584] No ports matched 'B[0]'. [D:/7sem/lab2/lab2.srcs/constrs_1/new/bitstr.xdc:5]
CRITICAL WARNING: [Common 17-55] 'set_property' expects at least one object. [D:/7sem/lab2/lab2.srcs/constrs_1/new/bitstr.xdc:5]
Resolution: If [get_<value>] was used to populate the object, check to make sure this command returns at least one valid object.
WARNING: [Vivado 12-584] No ports matched 'B[1]'. [D:/7sem/lab2/lab2.srcs/constrs_1/new/bitstr.xdc:6]
CRITICAL WARNING: [Common 17-55] 'set_property' expects at least one object. [D:/7sem/lab2/lab2.srcs/constrs_1/new/bitstr.xdc:6]
Resolution: If [get_<value>] was used to populate the object, check to make sure this command returns at least one valid object.
WARNING: [Vivado 12-584] No ports matched 'B[2]'. [D:/7sem/lab2/lab2.srcs/constrs_1/new/bitstr.xdc:7]
CRITICAL WARNING: [Common 17-55] 'set_property' expects at least one object. [D:/7sem/lab2/lab2.srcs/constrs_1/new/bitstr.xdc:7]
Resolution: If [get_<value>] was used to populate the object, check to make sure this command returns at least one valid object.
WARNING: [Vivado 12-584] No ports matched 'B[3]'. [D:/7sem/lab2/lab2.srcs/constrs_1/new/bitstr.xdc:8]
CRITICAL WARNING: [Common 17-55] 'set_property' expects at least one object. [D:/7sem/lab2/lab2.srcs/constrs_1/new/bitstr.xdc:8]
Resolution: If [get_<value>] was used to populate the object, check to make sure this command returns at least one valid object.
WARNING: [Vivado 12-584] No ports matched 'SUM[3]'. [D:/7sem/lab2/lab2.srcs/constrs_1/new/bitstr.xdc:9]
CRITICAL WARNING: [Common 17-55] 'set_property' expects at least one object. [D:/7sem/lab2/lab2.srcs/constrs_1/new/bitstr.xdc:9]
Resolution: If [get_<value>] was used to populate the object, check to make sure this command returns at least one valid object.
WARNING: [Vivado 12-584] No ports matched 'SUM[2]'. [D:/7sem/lab2/lab2.srcs/constrs_1/new/bitstr.xdc:10]
CRITICAL WARNING: [Common 17-55] 'set_property' expects at least one object. [D:/7sem/lab2/lab2.srcs/constrs_1/new/bitstr.xdc:10]
Resolution: If [get_<value>] was used to populate the object, check to make sure this command returns at least one valid object.
WARNING: [Vivado 12-584] No ports matched 'SUM[1]'. [D:/7sem/lab2/lab2.srcs/constrs_1/new/bitstr.xdc:11]
CRITICAL WARNING: [Common 17-55] 'set_property' expects at least one object. [D:/7sem/lab2/lab2.srcs/constrs_1/new/bitstr.xdc:11]
Resolution: If [get_<value>] was used to populate the object, check to make sure this command returns at least one valid object.
Finished Parsing XDC File [D:/7sem/lab2/lab2.srcs/constrs_1/new/bitstr.xdc]
INFO: [Opt 31-138] Pushed 0 inverter(s) to 0 load pin(s).
INFO: [Project 1-111] Unisim Transformation Summary:
No Unisim elements were transformed.

open_run: Time (s): cpu = 00:00:17 ; elapsed = 00:00:11 . Memory (MB): peak = 1259.188 ; gain = 401.172
reset_run synth_1
launch_runs synth_1 -jobs 8
[Thu Oct 20 15:59:56 2022] Launched synth_1...
Run output will be captured here: D:/7sem/lab2/lab2.runs/synth_1/runme.log
set_property top task4_adder_struct [get_filesets sim_1]
set_property top_lib xil_defaultlib [get_filesets sim_1]
reset_run synth_1
launch_runs synth_1 -jobs 8
[Thu Oct 20 16:01:37 2022] Launched synth_1...
Run output will be captured here: D:/7sem/lab2/lab2.runs/synth_1/runme.log
close_design
open_run synth_1 -name synth_1
Design is defaulting to impl run constrset: constrs_1
Design is defaulting to synth run part: xc7a100tcsg324-1
INFO: [Netlist 29-17] Analyzing 4 Unisim elements for replacement
INFO: [Netlist 29-28] Unisim Transformation completed in 0 CPU seconds
INFO: [Project 1-479] Netlist was created with Vivado 2018.2
INFO: [Project 1-570] Preparing netlist for logic optimization
Parsing XDC File [D:/7sem/lab2/lab2.srcs/constrs_1/new/bitstr.xdc]
WARNING: [Vivado 12-584] No ports matched 'A[0]'. [D:/7sem/lab2/lab2.srcs/constrs_1/new/bitstr.xdc:1]
CRITICAL WARNING: [Common 17-55] 'set_property' expects at least one object. [D:/7sem/lab2/lab2.srcs/constrs_1/new/bitstr.xdc:1]
Resolution: If [get_<value>] was used to populate the object, check to make sure this command returns at least one valid object.
WARNING: [Vivado 12-584] No ports matched 'A[1]'. [D:/7sem/lab2/lab2.srcs/constrs_1/new/bitstr.xdc:2]
CRITICAL WARNING: [Common 17-55] 'set_property' expects at least one object. [D:/7sem/lab2/lab2.srcs/constrs_1/new/bitstr.xdc:2]
Resolution: If [get_<value>] was used to populate the object, check to make sure this command returns at least one valid object.
WARNING: [Vivado 12-584] No ports matched 'A[2]'. [D:/7sem/lab2/lab2.srcs/constrs_1/new/bitstr.xdc:3]
CRITICAL WARNING: [Common 17-55] 'set_property' expects at least one object. [D:/7sem/lab2/lab2.srcs/constrs_1/new/bitstr.xdc:3]
Resolution: If [get_<value>] was used to populate the object, check to make sure this command returns at least one valid object.
WARNING: [Vivado 12-584] No ports matched 'A[3]'. [D:/7sem/lab2/lab2.srcs/constrs_1/new/bitstr.xdc:4]
CRITICAL WARNING: [Common 17-55] 'set_property' expects at least one object. [D:/7sem/lab2/lab2.srcs/constrs_1/new/bitstr.xdc:4]
Resolution: If [get_<value>] was used to populate the object, check to make sure this command returns at least one valid object.
WARNING: [Vivado 12-584] No ports matched 'B[0]'. [D:/7sem/lab2/lab2.srcs/constrs_1/new/bitstr.xdc:5]
CRITICAL WARNING: [Common 17-55] 'set_property' expects at least one object. [D:/7sem/lab2/lab2.srcs/constrs_1/new/bitstr.xdc:5]
Resolution: If [get_<value>] was used to populate the object, check to make sure this command returns at least one valid object.
WARNING: [Vivado 12-584] No ports matched 'B[1]'. [D:/7sem/lab2/lab2.srcs/constrs_1/new/bitstr.xdc:6]
CRITICAL WARNING: [Common 17-55] 'set_property' expects at least one object. [D:/7sem/lab2/lab2.srcs/constrs_1/new/bitstr.xdc:6]
Resolution: If [get_<value>] was used to populate the object, check to make sure this command returns at least one valid object.
WARNING: [Vivado 12-584] No ports matched 'B[2]'. [D:/7sem/lab2/lab2.srcs/constrs_1/new/bitstr.xdc:7]
CRITICAL WARNING: [Common 17-55] 'set_property' expects at least one object. [D:/7sem/lab2/lab2.srcs/constrs_1/new/bitstr.xdc:7]
Resolution: If [get_<value>] was used to populate the object, check to make sure this command returns at least one valid object.
WARNING: [Vivado 12-584] No ports matched 'B[3]'. [D:/7sem/lab2/lab2.srcs/constrs_1/new/bitstr.xdc:8]
CRITICAL WARNING: [Common 17-55] 'set_property' expects at least one object. [D:/7sem/lab2/lab2.srcs/constrs_1/new/bitstr.xdc:8]
Resolution: If [get_<value>] was used to populate the object, check to make sure this command returns at least one valid object.
WARNING: [Vivado 12-584] No ports matched 'SUM[3]'. [D:/7sem/lab2/lab2.srcs/constrs_1/new/bitstr.xdc:9]
CRITICAL WARNING: [Common 17-55] 'set_property' expects at least one object. [D:/7sem/lab2/lab2.srcs/constrs_1/new/bitstr.xdc:9]
Resolution: If [get_<value>] was used to populate the object, check to make sure this command returns at least one valid object.
WARNING: [Vivado 12-584] No ports matched 'SUM[2]'. [D:/7sem/lab2/lab2.srcs/constrs_1/new/bitstr.xdc:10]
CRITICAL WARNING: [Common 17-55] 'set_property' expects at least one object. [D:/7sem/lab2/lab2.srcs/constrs_1/new/bitstr.xdc:10]
Resolution: If [get_<value>] was used to populate the object, check to make sure this command returns at least one valid object.
WARNING: [Vivado 12-584] No ports matched 'SUM[1]'. [D:/7sem/lab2/lab2.srcs/constrs_1/new/bitstr.xdc:11]
CRITICAL WARNING: [Common 17-55] 'set_property' expects at least one object. [D:/7sem/lab2/lab2.srcs/constrs_1/new/bitstr.xdc:11]
Resolution: If [get_<value>] was used to populate the object, check to make sure this command returns at least one valid object.
Finished Parsing XDC File [D:/7sem/lab2/lab2.srcs/constrs_1/new/bitstr.xdc]
INFO: [Opt 31-138] Pushed 0 inverter(s) to 0 load pin(s).
INFO: [Project 1-111] Unisim Transformation Summary:
No Unisim elements were transformed.

exit
INFO: [Common 17-206] Exiting Vivado at Thu Oct 20 16:07:09 2022...
