#-----------------------------------------------------------
# Vivado v2018.2 (64-bit)
# SW Build 2258646 on Thu Jun 14 20:03:12 MDT 2018
# IP Build 2256618 on Thu Jun 14 22:10:49 MDT 2018
# Start of session at: Thu Dec  1 19:11:50 2022
# Process ID: 7428
# Current directory: D:/7sem/lab2
# Command line: vivado.exe -gui_launcher_event rodinguilauncherevent24708 D:\7sem\lab2\lab2.xpr
# Log file: D:/7sem/lab2/vivado.log
# Journal file: D:/7sem/lab2\vivado.jou
#-----------------------------------------------------------
start_gui
open_project D:/7sem/lab2/lab2.xpr
CRITICAL WARNING: [Project 1-19] Could not find the file 'D:/7sem/lab2/lab2.srcs/sources_1/new/GenericAdder.vhd'.
CRITICAL WARNING: [Project 1-19] Could not find the file 'D:/7sem/lab2/lab2.srcs/sources_1/new/Decoder.vhd'.
Scanning sources...
Finished scanning sources
INFO: [IP_Flow 19-234] Refreshing IP repositories
INFO: [IP_Flow 19-1704] No user IP repositories specified
INFO: [IP_Flow 19-2313] Loaded Vivado IP repository 'D:/vivado/Vivado/2018.2/data/ip'.
open_project: Time (s): cpu = 00:00:08 ; elapsed = 00:00:05 . Memory (MB): peak = 888.441 ; gain = 144.105
update_compile_order -fileset sources_1
set_property top MUX2x2 [current_fileset]
update_compile_order -fileset sources_1
launch_simulation
INFO: [Vivado 12-5682] Launching behavioral simulation in 'D:/7sem/lab2/lab2.sim/sim_1/behav/xsim'
INFO: [SIM-utils-51] Simulation object is 'sim_1'
INFO: [SIM-utils-54] Inspecting design source files for 'task4_test' in fileset 'sim_1'...
INFO: [USF-XSim-97] Finding global include files...
INFO: [USF-XSim-98] Fetching design files from 'sim_1'...
INFO: [USF-XSim-2] XSim::Compile design
INFO: [USF-XSim-61] Executing 'COMPILE and ANALYZE' step in 'D:/7sem/lab2/lab2.sim/sim_1/behav/xsim'
"xvhdl --incr --relax -prj task4_test_vhdl.prj"
INFO: [VRFC 10-163] Analyzing VHDL file "D:/7sem/lab2/lab2.srcs/sources_1/new/Adder.vhd" into library xil_defaultlib
INFO: [VRFC 10-307] analyzing entity Adder
INFO: [VRFC 10-163] Analyzing VHDL file "D:/7sem/lab2/lab2.srcs/sources_1/new/task4_adder_beh.vhd" into library xil_defaultlib
INFO: [VRFC 10-307] analyzing entity task4_adder_beh
INFO: [VRFC 10-163] Analyzing VHDL file "D:/7sem/lab2/lab2.srcs/sources_1/new/task4_adder_struct.vhd" into library xil_defaultlib
INFO: [VRFC 10-307] analyzing entity task4_adder_struct
INFO: [VRFC 10-163] Analyzing VHDL file "D:/7sem/lab2/lab2.srcs/sources_1/new/task4_test.vhd" into library xil_defaultlib
INFO: [VRFC 10-307] analyzing entity task4_test
INFO: [USF-XSim-69] 'compile' step finished in '1' seconds
INFO: [USF-XSim-3] XSim::Elaborate design
INFO: [USF-XSim-61] Executing 'ELABORATE' step in 'D:/7sem/lab2/lab2.sim/sim_1/behav/xsim'
Vivado Simulator 2018.2
Copyright 1986-1999, 2001-2018 Xilinx, Inc. All Rights Reserved.
Running: D:/vivado/Vivado/2018.2/bin/unwrapped/win64.o/xelab.exe -wto ae0418b9016143ebb7befff0cba5028b --incr --debug typical --relax --mt 2 -L xil_defaultlib -L secureip --snapshot task4_test_behav xil_defaultlib.task4_test -log elaborate.log 
Using 2 slave threads.
Starting static elaboration
Completed static elaboration
Starting simulation data flow analysis
Completed simulation data flow analysis
Time Resolution for simulation is 1ps
Compiling package std.standard
Compiling package std.textio
Compiling package ieee.std_logic_1164
Compiling package ieee.numeric_std
Compiling architecture behavioral of entity xil_defaultlib.task4_adder_beh [task4_adder_beh_default]
Compiling architecture behavioral of entity xil_defaultlib.Adder [adder_default]
Compiling architecture structure of entity xil_defaultlib.task4_adder_struct [task4_adder_struct_default]
Compiling architecture behavioral of entity xil_defaultlib.task4_test
Built simulation snapshot task4_test_behav

****** Webtalk v2018.2 (64-bit)
  **** SW Build 2258646 on Thu Jun 14 20:03:12 MDT 2018
  **** IP Build 2256618 on Thu Jun 14 22:10:49 MDT 2018
    ** Copyright 1986-2018 Xilinx, Inc. All Rights Reserved.

source D:/7sem/lab2/lab2.sim/sim_1/behav/xsim/xsim.dir/task4_test_behav/webtalk/xsim_webtalk.tcl -notrace
INFO: [Common 17-206] Exiting Webtalk at Thu Dec  1 19:18:23 2022...
INFO: [USF-XSim-69] 'elaborate' step finished in '3' seconds
INFO: [USF-XSim-4] XSim::Simulate design
INFO: [USF-XSim-61] Executing 'SIMULATE' step in 'D:/7sem/lab2/lab2.sim/sim_1/behav/xsim'
INFO: [USF-XSim-98] *** Running xsim
   with args "task4_test_behav -key {Behavioral:sim_1:Functional:task4_test} -tclbatch {task4_test.tcl} -log {simulate.log}"
INFO: [USF-XSim-8] Loading simulator feature
Vivado Simulator 2018.2
Time resolution is 1 ps
source task4_test.tcl
# set curr_wave [current_wave_config]
# if { [string length $curr_wave] == 0 } {
#   if { [llength [get_objects]] > 0} {
#     add_wave /
#     set_property needs_save false [current_wave_config]
#   } else {
#      send_msg_id Add_Wave-1 WARNING "No top level signals found. Simulator will start without a wave window. If you want to open a wave window go to 'File->New Waveform Configuration' or type 'create_wave_config' in the TCL console."
#   }
# }
# run 1000ns
Failure: End of simulation
Time: 160 ns  Iteration: 0  Process: /task4_test/stim_proc  File: D:/7sem/lab2/lab2.srcs/sources_1/new/task4_test.vhd
$finish called at time : 160 ns : File "D:/7sem/lab2/lab2.srcs/sources_1/new/task4_test.vhd" Line 86
INFO: [USF-XSim-96] XSim completed. Design snapshot 'task4_test_behav' loaded.
INFO: [USF-XSim-97] XSim simulation ran for 1000ns
launch_simulation: Time (s): cpu = 00:00:05 ; elapsed = 00:00:07 . Memory (MB): peak = 934.969 ; gain = 14.715
set_property top task_1_struct [current_fileset]
update_compile_order -fileset sources_1
set_property top task4_test [current_fileset]
update_compile_order -fileset sources_1
reset_run synth_1
WARNING: [Vivado 12-1017] Problems encountered:
1. Failed to delete one or more files in run directory D:/7sem/lab2/lab2.runs/synth_1

launch_runs synth_1 -jobs 4
[Thu Dec  1 19:52:56 2022] Launched synth_1...
Run output will be captured here: D:/7sem/lab2/lab2.runs/synth_1/runme.log
open_run synth_1 -name synth_1
Design is defaulting to impl run constrset: constrs_1
Design is defaulting to synth run part: xc7a100tcsg324-1
INFO: [Project 1-479] Netlist was created with Vivado 2018.2
INFO: [Device 21-403] Loading part xc7a100tcsg324-1
INFO: [Project 1-570] Preparing netlist for logic optimization
Parsing XDC File [D:/7sem/lab2/lab2.srcs/constrs_1/new/bitstr.xdc]
WARNING: [Vivado 12-584] No ports matched 'A[0]'. [D:/7sem/lab2/lab2.srcs/constrs_1/new/bitstr.xdc:1]
CRITICAL WARNING: [Common 17-55] 'set_property' expects at least one object. [D:/7sem/lab2/lab2.srcs/constrs_1/new/bitstr.xdc:1]
Resolution: If [get_<value>] was used to populate the object, check to make sure this command returns at least one valid object.
WARNING: [Vivado 12-584] No ports matched 'A[1]'. [D:/7sem/lab2/lab2.srcs/constrs_1/new/bitstr.xdc:2]
CRITICAL WARNING: [Common 17-55] 'set_property' expects at least one object. [D:/7sem/lab2/lab2.srcs/constrs_1/new/bitstr.xdc:2]
Resolution: If [get_<value>] was used to populate the object, check to make sure this command returns at least one valid object.
WARNING: [Vivado 12-584] No ports matched 'A[2]'. [D:/7sem/lab2/lab2.srcs/constrs_1/new/bitstr.xdc:3]
CRITICAL WARNING: [Common 17-55] 'set_property' expects at least one object. [D:/7sem/lab2/lab2.srcs/constrs_1/new/bitstr.xdc:3]
Resolution: If [get_<value>] was used to populate the object, check to make sure this command returns at least one valid object.
WARNING: [Vivado 12-584] No ports matched 'A[3]'. [D:/7sem/lab2/lab2.srcs/constrs_1/new/bitstr.xdc:4]
CRITICAL WARNING: [Common 17-55] 'set_property' expects at least one object. [D:/7sem/lab2/lab2.srcs/constrs_1/new/bitstr.xdc:4]
Resolution: If [get_<value>] was used to populate the object, check to make sure this command returns at least one valid object.
WARNING: [Vivado 12-584] No ports matched 'B[0]'. [D:/7sem/lab2/lab2.srcs/constrs_1/new/bitstr.xdc:5]
CRITICAL WARNING: [Common 17-55] 'set_property' expects at least one object. [D:/7sem/lab2/lab2.srcs/constrs_1/new/bitstr.xdc:5]
Resolution: If [get_<value>] was used to populate the object, check to make sure this command returns at least one valid object.
WARNING: [Vivado 12-584] No ports matched 'B[1]'. [D:/7sem/lab2/lab2.srcs/constrs_1/new/bitstr.xdc:6]
CRITICAL WARNING: [Common 17-55] 'set_property' expects at least one object. [D:/7sem/lab2/lab2.srcs/constrs_1/new/bitstr.xdc:6]
Resolution: If [get_<value>] was used to populate the object, check to make sure this command returns at least one valid object.
WARNING: [Vivado 12-584] No ports matched 'B[2]'. [D:/7sem/lab2/lab2.srcs/constrs_1/new/bitstr.xdc:7]
CRITICAL WARNING: [Common 17-55] 'set_property' expects at least one object. [D:/7sem/lab2/lab2.srcs/constrs_1/new/bitstr.xdc:7]
Resolution: If [get_<value>] was used to populate the object, check to make sure this command returns at least one valid object.
WARNING: [Vivado 12-584] No ports matched 'B[3]'. [D:/7sem/lab2/lab2.srcs/constrs_1/new/bitstr.xdc:8]
CRITICAL WARNING: [Common 17-55] 'set_property' expects at least one object. [D:/7sem/lab2/lab2.srcs/constrs_1/new/bitstr.xdc:8]
Resolution: If [get_<value>] was used to populate the object, check to make sure this command returns at least one valid object.
WARNING: [Vivado 12-584] No ports matched 'SUM[3]'. [D:/7sem/lab2/lab2.srcs/constrs_1/new/bitstr.xdc:9]
CRITICAL WARNING: [Common 17-55] 'set_property' expects at least one object. [D:/7sem/lab2/lab2.srcs/constrs_1/new/bitstr.xdc:9]
Resolution: If [get_<value>] was used to populate the object, check to make sure this command returns at least one valid object.
WARNING: [Vivado 12-584] No ports matched 'SUM[2]'. [D:/7sem/lab2/lab2.srcs/constrs_1/new/bitstr.xdc:10]
CRITICAL WARNING: [Common 17-55] 'set_property' expects at least one object. [D:/7sem/lab2/lab2.srcs/constrs_1/new/bitstr.xdc:10]
Resolution: If [get_<value>] was used to populate the object, check to make sure this command returns at least one valid object.
WARNING: [Vivado 12-584] No ports matched 'SUM[1]'. [D:/7sem/lab2/lab2.srcs/constrs_1/new/bitstr.xdc:11]
CRITICAL WARNING: [Common 17-55] 'set_property' expects at least one object. [D:/7sem/lab2/lab2.srcs/constrs_1/new/bitstr.xdc:11]
Resolution: If [get_<value>] was used to populate the object, check to make sure this command returns at least one valid object.
WARNING: [Vivado 12-584] No ports matched 'A1'. [D:/7sem/lab2/lab2.srcs/constrs_1/new/bitstr.xdc:13]
CRITICAL WARNING: [Common 17-55] 'set_property' expects at least one object. [D:/7sem/lab2/lab2.srcs/constrs_1/new/bitstr.xdc:13]
Resolution: If [get_<value>] was used to populate the object, check to make sure this command returns at least one valid object.
WARNING: [Vivado 12-584] No ports matched 'A2'. [D:/7sem/lab2/lab2.srcs/constrs_1/new/bitstr.xdc:14]
CRITICAL WARNING: [Common 17-55] 'set_property' expects at least one object. [D:/7sem/lab2/lab2.srcs/constrs_1/new/bitstr.xdc:14]
Resolution: If [get_<value>] was used to populate the object, check to make sure this command returns at least one valid object.
WARNING: [Vivado 12-584] No ports matched 'B1'. [D:/7sem/lab2/lab2.srcs/constrs_1/new/bitstr.xdc:15]
CRITICAL WARNING: [Common 17-55] 'set_property' expects at least one object. [D:/7sem/lab2/lab2.srcs/constrs_1/new/bitstr.xdc:15]
Resolution: If [get_<value>] was used to populate the object, check to make sure this command returns at least one valid object.
WARNING: [Vivado 12-584] No ports matched 'B2'. [D:/7sem/lab2/lab2.srcs/constrs_1/new/bitstr.xdc:16]
CRITICAL WARNING: [Common 17-55] 'set_property' expects at least one object. [D:/7sem/lab2/lab2.srcs/constrs_1/new/bitstr.xdc:16]
Resolution: If [get_<value>] was used to populate the object, check to make sure this command returns at least one valid object.
WARNING: [Vivado 12-584] No ports matched 'C'. [D:/7sem/lab2/lab2.srcs/constrs_1/new/bitstr.xdc:17]
CRITICAL WARNING: [Common 17-55] 'set_property' expects at least one object. [D:/7sem/lab2/lab2.srcs/constrs_1/new/bitstr.xdc:17]
Resolution: If [get_<value>] was used to populate the object, check to make sure this command returns at least one valid object.
WARNING: [Vivado 12-584] No ports matched 'F2'. [D:/7sem/lab2/lab2.srcs/constrs_1/new/bitstr.xdc:18]
CRITICAL WARNING: [Common 17-55] 'set_property' expects at least one object. [D:/7sem/lab2/lab2.srcs/constrs_1/new/bitstr.xdc:18]
Resolution: If [get_<value>] was used to populate the object, check to make sure this command returns at least one valid object.
WARNING: [Vivado 12-584] No ports matched 'F1'. [D:/7sem/lab2/lab2.srcs/constrs_1/new/bitstr.xdc:19]
CRITICAL WARNING: [Common 17-55] 'set_property' expects at least one object. [D:/7sem/lab2/lab2.srcs/constrs_1/new/bitstr.xdc:19]
Resolution: If [get_<value>] was used to populate the object, check to make sure this command returns at least one valid object.
WARNING: [Vivado 12-584] No ports matched 'A1'. [D:/7sem/lab2/lab2.srcs/constrs_1/new/bitstr.xdc:20]
CRITICAL WARNING: [Common 17-55] 'set_property' expects at least one object. [D:/7sem/lab2/lab2.srcs/constrs_1/new/bitstr.xdc:20]
Resolution: If [get_<value>] was used to populate the object, check to make sure this command returns at least one valid object.
WARNING: [Vivado 12-584] No ports matched 'A2'. [D:/7sem/lab2/lab2.srcs/constrs_1/new/bitstr.xdc:21]
CRITICAL WARNING: [Common 17-55] 'set_property' expects at least one object. [D:/7sem/lab2/lab2.srcs/constrs_1/new/bitstr.xdc:21]
Resolution: If [get_<value>] was used to populate the object, check to make sure this command returns at least one valid object.
WARNING: [Vivado 12-584] No ports matched 'B1'. [D:/7sem/lab2/lab2.srcs/constrs_1/new/bitstr.xdc:22]
CRITICAL WARNING: [Common 17-55] 'set_property' expects at least one object. [D:/7sem/lab2/lab2.srcs/constrs_1/new/bitstr.xdc:22]
Resolution: If [get_<value>] was used to populate the object, check to make sure this command returns at least one valid object.
WARNING: [Vivado 12-584] No ports matched 'B2'. [D:/7sem/lab2/lab2.srcs/constrs_1/new/bitstr.xdc:23]
CRITICAL WARNING: [Common 17-55] 'set_property' expects at least one object. [D:/7sem/lab2/lab2.srcs/constrs_1/new/bitstr.xdc:23]
Resolution: If [get_<value>] was used to populate the object, check to make sure this command returns at least one valid object.
WARNING: [Vivado 12-584] No ports matched 'F1'. [D:/7sem/lab2/lab2.srcs/constrs_1/new/bitstr.xdc:24]
CRITICAL WARNING: [Common 17-55] 'set_property' expects at least one object. [D:/7sem/lab2/lab2.srcs/constrs_1/new/bitstr.xdc:24]
Resolution: If [get_<value>] was used to populate the object, check to make sure this command returns at least one valid object.
WARNING: [Vivado 12-584] No ports matched 'F2'. [D:/7sem/lab2/lab2.srcs/constrs_1/new/bitstr.xdc:25]
CRITICAL WARNING: [Common 17-55] 'set_property' expects at least one object. [D:/7sem/lab2/lab2.srcs/constrs_1/new/bitstr.xdc:25]
Resolution: If [get_<value>] was used to populate the object, check to make sure this command returns at least one valid object.
WARNING: [Vivado 12-584] No ports matched 'C'. [D:/7sem/lab2/lab2.srcs/constrs_1/new/bitstr.xdc:26]
CRITICAL WARNING: [Common 17-55] 'set_property' expects at least one object. [D:/7sem/lab2/lab2.srcs/constrs_1/new/bitstr.xdc:26]
Resolution: If [get_<value>] was used to populate the object, check to make sure this command returns at least one valid object.
Finished Parsing XDC File [D:/7sem/lab2/lab2.srcs/constrs_1/new/bitstr.xdc]
INFO: [Opt 31-138] Pushed 0 inverter(s) to 0 load pin(s).
INFO: [Project 1-111] Unisim Transformation Summary:
No Unisim elements were transformed.

open_run: Time (s): cpu = 00:00:16 ; elapsed = 00:00:10 . Memory (MB): peak = 1374.336 ; gain = 424.027
close_design
set_property top MUX2x2 [current_fileset]
update_compile_order -fileset sources_1
reset_run synth_1
WARNING: [Vivado 12-1017] Problems encountered:
1. Failed to delete one or more files in run directory D:/7sem/lab2/lab2.runs/synth_1

launch_runs synth_1 -jobs 4
[Thu Dec  1 19:56:07 2022] Launched synth_1...
Run output will be captured here: D:/7sem/lab2/lab2.runs/synth_1/runme.log
open_run synth_1 -name synth_1
Design is defaulting to impl run constrset: constrs_1
Design is defaulting to synth run part: xc7a100tcsg324-1
INFO: [Netlist 29-17] Analyzing 5 Unisim elements for replacement
INFO: [Netlist 29-28] Unisim Transformation completed in 0 CPU seconds
INFO: [Project 1-479] Netlist was created with Vivado 2018.2
INFO: [Project 1-570] Preparing netlist for logic optimization
Parsing XDC File [D:/7sem/lab2/lab2.srcs/constrs_1/new/bitstr.xdc]
WARNING: [Vivado 12-584] No ports matched 'A[0]'. [D:/7sem/lab2/lab2.srcs/constrs_1/new/bitstr.xdc:1]
CRITICAL WARNING: [Common 17-55] 'set_property' expects at least one object. [D:/7sem/lab2/lab2.srcs/constrs_1/new/bitstr.xdc:1]
Resolution: If [get_<value>] was used to populate the object, check to make sure this command returns at least one valid object.
WARNING: [Vivado 12-584] No ports matched 'A[1]'. [D:/7sem/lab2/lab2.srcs/constrs_1/new/bitstr.xdc:2]
CRITICAL WARNING: [Common 17-55] 'set_property' expects at least one object. [D:/7sem/lab2/lab2.srcs/constrs_1/new/bitstr.xdc:2]
Resolution: If [get_<value>] was used to populate the object, check to make sure this command returns at least one valid object.
WARNING: [Vivado 12-584] No ports matched 'A[2]'. [D:/7sem/lab2/lab2.srcs/constrs_1/new/bitstr.xdc:3]
CRITICAL WARNING: [Common 17-55] 'set_property' expects at least one object. [D:/7sem/lab2/lab2.srcs/constrs_1/new/bitstr.xdc:3]
Resolution: If [get_<value>] was used to populate the object, check to make sure this command returns at least one valid object.
WARNING: [Vivado 12-584] No ports matched 'A[3]'. [D:/7sem/lab2/lab2.srcs/constrs_1/new/bitstr.xdc:4]
CRITICAL WARNING: [Common 17-55] 'set_property' expects at least one object. [D:/7sem/lab2/lab2.srcs/constrs_1/new/bitstr.xdc:4]
Resolution: If [get_<value>] was used to populate the object, check to make sure this command returns at least one valid object.
WARNING: [Vivado 12-584] No ports matched 'B[0]'. [D:/7sem/lab2/lab2.srcs/constrs_1/new/bitstr.xdc:5]
CRITICAL WARNING: [Common 17-55] 'set_property' expects at least one object. [D:/7sem/lab2/lab2.srcs/constrs_1/new/bitstr.xdc:5]
Resolution: If [get_<value>] was used to populate the object, check to make sure this command returns at least one valid object.
WARNING: [Vivado 12-584] No ports matched 'B[1]'. [D:/7sem/lab2/lab2.srcs/constrs_1/new/bitstr.xdc:6]
CRITICAL WARNING: [Common 17-55] 'set_property' expects at least one object. [D:/7sem/lab2/lab2.srcs/constrs_1/new/bitstr.xdc:6]
Resolution: If [get_<value>] was used to populate the object, check to make sure this command returns at least one valid object.
WARNING: [Vivado 12-584] No ports matched 'B[2]'. [D:/7sem/lab2/lab2.srcs/constrs_1/new/bitstr.xdc:7]
CRITICAL WARNING: [Common 17-55] 'set_property' expects at least one object. [D:/7sem/lab2/lab2.srcs/constrs_1/new/bitstr.xdc:7]
Resolution: If [get_<value>] was used to populate the object, check to make sure this command returns at least one valid object.
WARNING: [Vivado 12-584] No ports matched 'B[3]'. [D:/7sem/lab2/lab2.srcs/constrs_1/new/bitstr.xdc:8]
CRITICAL WARNING: [Common 17-55] 'set_property' expects at least one object. [D:/7sem/lab2/lab2.srcs/constrs_1/new/bitstr.xdc:8]
Resolution: If [get_<value>] was used to populate the object, check to make sure this command returns at least one valid object.
WARNING: [Vivado 12-584] No ports matched 'SUM[3]'. [D:/7sem/lab2/lab2.srcs/constrs_1/new/bitstr.xdc:9]
CRITICAL WARNING: [Common 17-55] 'set_property' expects at least one object. [D:/7sem/lab2/lab2.srcs/constrs_1/new/bitstr.xdc:9]
Resolution: If [get_<value>] was used to populate the object, check to make sure this command returns at least one valid object.
WARNING: [Vivado 12-584] No ports matched 'SUM[2]'. [D:/7sem/lab2/lab2.srcs/constrs_1/new/bitstr.xdc:10]
CRITICAL WARNING: [Common 17-55] 'set_property' expects at least one object. [D:/7sem/lab2/lab2.srcs/constrs_1/new/bitstr.xdc:10]
Resolution: If [get_<value>] was used to populate the object, check to make sure this command returns at least one valid object.
WARNING: [Vivado 12-584] No ports matched 'SUM[1]'. [D:/7sem/lab2/lab2.srcs/constrs_1/new/bitstr.xdc:11]
CRITICAL WARNING: [Common 17-55] 'set_property' expects at least one object. [D:/7sem/lab2/lab2.srcs/constrs_1/new/bitstr.xdc:11]
Resolution: If [get_<value>] was used to populate the object, check to make sure this command returns at least one valid object.
WARNING: [Vivado 12-584] No ports matched 'C'. [D:/7sem/lab2/lab2.srcs/constrs_1/new/bitstr.xdc:17]
CRITICAL WARNING: [Common 17-55] 'set_property' expects at least one object. [D:/7sem/lab2/lab2.srcs/constrs_1/new/bitstr.xdc:17]
Resolution: If [get_<value>] was used to populate the object, check to make sure this command returns at least one valid object.
WARNING: [Vivado 12-584] No ports matched 'F2'. [D:/7sem/lab2/lab2.srcs/constrs_1/new/bitstr.xdc:18]
CRITICAL WARNING: [Common 17-55] 'set_property' expects at least one object. [D:/7sem/lab2/lab2.srcs/constrs_1/new/bitstr.xdc:18]
Resolution: If [get_<value>] was used to populate the object, check to make sure this command returns at least one valid object.
WARNING: [Vivado 12-584] No ports matched 'F1'. [D:/7sem/lab2/lab2.srcs/constrs_1/new/bitstr.xdc:19]
CRITICAL WARNING: [Common 17-55] 'set_property' expects at least one object. [D:/7sem/lab2/lab2.srcs/constrs_1/new/bitstr.xdc:19]
Resolution: If [get_<value>] was used to populate the object, check to make sure this command returns at least one valid object.
WARNING: [Vivado 12-584] No ports matched 'F1'. [D:/7sem/lab2/lab2.srcs/constrs_1/new/bitstr.xdc:24]
CRITICAL WARNING: [Common 17-55] 'set_property' expects at least one object. [D:/7sem/lab2/lab2.srcs/constrs_1/new/bitstr.xdc:24]
Resolution: If [get_<value>] was used to populate the object, check to make sure this command returns at least one valid object.
WARNING: [Vivado 12-584] No ports matched 'F2'. [D:/7sem/lab2/lab2.srcs/constrs_1/new/bitstr.xdc:25]
CRITICAL WARNING: [Common 17-55] 'set_property' expects at least one object. [D:/7sem/lab2/lab2.srcs/constrs_1/new/bitstr.xdc:25]
Resolution: If [get_<value>] was used to populate the object, check to make sure this command returns at least one valid object.
WARNING: [Vivado 12-584] No ports matched 'C'. [D:/7sem/lab2/lab2.srcs/constrs_1/new/bitstr.xdc:26]
CRITICAL WARNING: [Common 17-55] 'set_property' expects at least one object. [D:/7sem/lab2/lab2.srcs/constrs_1/new/bitstr.xdc:26]
Resolution: If [get_<value>] was used to populate the object, check to make sure this command returns at least one valid object.
Finished Parsing XDC File [D:/7sem/lab2/lab2.srcs/constrs_1/new/bitstr.xdc]
INFO: [Opt 31-138] Pushed 0 inverter(s) to 0 load pin(s).
INFO: [Project 1-111] Unisim Transformation Summary:
No Unisim elements were transformed.

close_sim
INFO: [Simtcl 6-16] Simulation closed
exit
INFO: [Common 17-206] Exiting Vivado at Thu Dec  1 20:32:42 2022...
