#-----------------------------------------------------------
# Vivado v2018.2 (64-bit)
# SW Build 2258646 on Thu Jun 14 20:03:12 MDT 2018
# IP Build 2256618 on Thu Jun 14 22:10:49 MDT 2018
# Start of session at: Thu Dec  1 18:56:03 2022
# Process ID: 16336
# Current directory: D:/7sem/pocp5/Lab5
# Command line: vivado.exe -gui_launcher_event rodinguilauncherevent14584 D:\7sem\pocp5\Lab5\Lab5.xpr
# Log file: D:/7sem/pocp5/Lab5/vivado.log
# Journal file: D:/7sem/pocp5/Lab5\vivado.jou
#-----------------------------------------------------------
start_gui
open_project D:/7sem/pocp5/Lab5/Lab5.xpr
CRITICAL WARNING: [Project 1-19] Could not find the file 'D:/7sem/pocp5/REGn/REGn.srcs/sources_1/new/DTrigger.vhd'.
CRITICAL WARNING: [Project 1-19] Could not find the file 'D:/7sem/pocp5/GenericDecoder/GenericDecoder.srcs/sources_1/new/GenericDecoder.vhd'.
CRITICAL WARNING: [Project 1-19] Could not find the file 'D:/7sem/pocp5/REGn/REGn.srcs/sources_1/new/REGn.vhd'.
CRITICAL WARNING: [Project 1-19] Could not find the file 'C:/Users/VIVunt/Downloads/storage-devices-master/source/storage_devices/src/task 2.2/FIFO.vhd'.
CRITICAL WARNING: [Project 1-19] Could not find the file 'C:/Users/VIVunt/Downloads/storage-devices-master/source/storage_devices/src/task 3/RAM_Hamming.vhd'.
Scanning sources...
Finished scanning sources
INFO: [IP_Flow 19-234] Refreshing IP repositories
INFO: [IP_Flow 19-1704] No user IP repositories specified
INFO: [IP_Flow 19-2313] Loaded Vivado IP repository 'D:/vivado/Vivado/2018.2/data/ip'.
update_compile_order -fileset sources_1
exit
INFO: [Common 17-206] Exiting Vivado at Thu Dec  1 19:07:14 2022...
